  [1m[35m (1.2ms)[0m  [1m[34mSELECT sqlite_version(*)[0m
  ↳ bin/rails:9
  [1m[35m (4.0ms)[0m  [1m[35mCREATE TABLE "schema_migrations" ("version" varchar NOT NULL PRIMARY KEY)[0m
  ↳ bin/rails:9
  [1m[35m (8.2ms)[0m  [1m[35mCREATE TABLE "ar_internal_metadata" ("key" varchar NOT NULL PRIMARY KEY, "value" varchar, "created_at" datetime NOT NULL, "updated_at" datetime NOT NULL)[0m
  ↳ bin/rails:9
  [1m[35m (2.2ms)[0m  [1m[34mSELECT "schema_migrations"."version" FROM "schema_migrations" ORDER BY "schema_migrations"."version" ASC[0m
  ↳ bin/rails:9
Migrating to CreateRecipes (20190206185018)
  [1m[35m (1.0ms)[0m  [1m[36mbegin transaction[0m
  ↳ bin/rails:9
  [1m[35m (24.7ms)[0m  [1m[35mCREATE TABLE "recipes" ("id" integer PRIMARY KEY AUTOINCREMENT NOT NULL, "name" varchar, "user_id" integer)[0m
  ↳ db/migrate/20190206185018_create_recipes.rb:3
  [1m[36mActiveRecord::SchemaMigration Create (0.3ms)[0m  [1m[32mINSERT INTO "schema_migrations" ("version") VALUES (?)[0m  [["version", "20190206185018"]]
  ↳ bin/rails:9
  [1m[35m (2.5ms)[0m  [1m[36mcommit transaction[0m
  ↳ bin/rails:9
Migrating to CreateUsers (20190206185046)
  [1m[35m (0.1ms)[0m  [1m[36mbegin transaction[0m
  ↳ bin/rails:9
  [1m[35m (1.1ms)[0m  [1m[35mCREATE TABLE "users" ("id" integer PRIMARY KEY AUTOINCREMENT NOT NULL, "name" varchar, "created_at" datetime NOT NULL, "updated_at" datetime NOT NULL)[0m
  ↳ db/migrate/20190206185046_create_users.rb:3
  [1m[36mActiveRecord::SchemaMigration Create (1.0ms)[0m  [1m[32mINSERT INTO "schema_migrations" ("version") VALUES (?)[0m  [["version", "20190206185046"]]
  ↳ bin/rails:9
  [1m[35m (2.7ms)[0m  [1m[36mcommit transaction[0m
  ↳ bin/rails:9
Migrating to CreateIngredients (20190206185108)
  [1m[35m (0.2ms)[0m  [1m[36mbegin transaction[0m
  ↳ bin/rails:9
  [1m[35m (0.7ms)[0m  [1m[35mCREATE TABLE "ingredients" ("id" integer PRIMARY KEY AUTOINCREMENT NOT NULL, "name" varchar, "created_at" datetime NOT NULL, "updated_at" datetime NOT NULL)[0m
  ↳ db/migrate/20190206185108_create_ingredients.rb:3
  [1m[36mActiveRecord::SchemaMigration Create (0.2ms)[0m  [1m[32mINSERT INTO "schema_migrations" ("version") VALUES (?)[0m  [["version", "20190206185108"]]
  ↳ bin/rails:9
  [1m[35m (0.9ms)[0m  [1m[36mcommit transaction[0m
  ↳ bin/rails:9
Migrating to CreateRecipeIngredients (20190206185127)
  [1m[35m (0.1ms)[0m  [1m[36mbegin transaction[0m
  ↳ bin/rails:9
  [1m[35m (1.3ms)[0m  [1m[35mCREATE TABLE "recipe_ingredients" ("id" integer PRIMARY KEY AUTOINCREMENT NOT NULL, "recipe_id" integer, "ingredient_id" integer, "created_at" datetime NOT NULL, "updated_at" datetime NOT NULL)[0m
  ↳ db/migrate/20190206185127_create_recipe_ingredients.rb:3
  [1m[36mActiveRecord::SchemaMigration Create (0.4ms)[0m  [1m[32mINSERT INTO "schema_migrations" ("version") VALUES (?)[0m  [["version", "20190206185127"]]
  ↳ bin/rails:9
  [1m[35m (2.6ms)[0m  [1m[36mcommit transaction[0m
  ↳ bin/rails:9
  [1m[36mActiveRecord::InternalMetadata Load (0.2ms)[0m  [1m[34mSELECT  "ar_internal_metadata".* FROM "ar_internal_metadata" WHERE "ar_internal_metadata"."key" = ? LIMIT ?[0m  [["key", "environment"], ["LIMIT", 1]]
  ↳ bin/rails:9
  [1m[35m (0.1ms)[0m  [1m[36mbegin transaction[0m
  ↳ bin/rails:9
  [1m[36mActiveRecord::InternalMetadata Create (0.4ms)[0m  [1m[32mINSERT INTO "ar_internal_metadata" ("key", "value", "created_at", "updated_at") VALUES (?, ?, ?, ?)[0m  [["key", "environment"], ["value", "development"], ["created_at", "2019-02-06 18:55:37.089807"], ["updated_at", "2019-02-06 18:55:37.089807"]]
  ↳ bin/rails:9
  [1m[35m (2.5ms)[0m  [1m[36mcommit transaction[0m
  ↳ bin/rails:9
  [1m[35m (0.2ms)[0m  [1m[34mSELECT "schema_migrations"."version" FROM "schema_migrations" ORDER BY "schema_migrations"."version" ASC[0m
  ↳ bin/rails:9
Started GET "/" for 127.0.0.1 at 2019-02-06 13:57:24 -0500
  [1m[35m (0.2ms)[0m  [1m[34mSELECT "schema_migrations"."version" FROM "schema_migrations" ORDER BY "schema_migrations"."version" ASC[0m
  ↳ /Users/flatironschool/.rvm/gems/ruby-2.3.3/gems/activerecord-5.2.2/lib/active_record/log_subscriber.rb:98
Processing by Rails::WelcomeController#index as HTML
  Rendering /Users/flatironschool/.rvm/gems/ruby-2.3.3/gems/railties-5.2.2/lib/rails/templates/rails/welcome/index.html.erb
  Rendered /Users/flatironschool/.rvm/gems/ruby-2.3.3/gems/railties-5.2.2/lib/rails/templates/rails/welcome/index.html.erb (9.0ms)
Completed 200 OK in 49ms (Views: 26.5ms | ActiveRecord: 0.0ms)


Started GET "/recipes" for 127.0.0.1 at 2019-02-06 14:48:05 -0500
Processing by RecipesController#index as HTML
  Rendering recipes/index.erb within layouts/application
  Rendered recipes/index.erb within layouts/application (0.5ms)
Completed 200 OK in 674ms (Views: 648.7ms | ActiveRecord: 0.0ms)


Started GET "/recipes" for 127.0.0.1 at 2019-02-06 15:00:59 -0500
Processing by RecipesController#index as HTML
  Rendering recipes/index.erb within layouts/application
  Rendered recipes/index.erb within layouts/application (0.3ms)
Completed 200 OK in 45ms (Views: 39.8ms | ActiveRecord: 0.0ms)


Started GET "/recipes/new" for 127.0.0.1 at 2019-02-06 15:01:06 -0500
Processing by RecipesController#new as HTML
  Rendering recipes/new.erb within layouts/application
  Rendered recipes/new.erb within layouts/application (0.5ms)
Completed 200 OK in 41ms (Views: 30.7ms | ActiveRecord: 1.4ms)


  [1m[36mRecipe Load (3.0ms)[0m  [1m[34mSELECT  "recipes".* FROM "recipes" LIMIT ?[0m  [["LIMIT", 11]]
  [1m[36mIngredient Load (2.2ms)[0m  [1m[34mSELECT  "ingredients".* FROM "ingredients" LIMIT ?[0m  [["LIMIT", 11]]
  [1m[36mUser Load (3.4ms)[0m  [1m[34mSELECT  "users".* FROM "users" LIMIT ?[0m  [["LIMIT", 11]]
  [1m[36mRecipeIngredient Load (2.4ms)[0m  [1m[34mSELECT  "recipe_ingredients".* FROM "recipe_ingredients" LIMIT ?[0m  [["LIMIT", 11]]
Started GET "/recipes/new" for 127.0.0.1 at 2019-02-06 15:18:42 -0500
Processing by RecipesController#new as HTML
  Rendering recipes/new.erb within layouts/application
  Rendered recipes/new.erb within layouts/application (1.2ms)
Completed 500 Internal Server Error in 11ms (ActiveRecord: 0.0ms)


  
SyntaxError (/Users/flatironschool/Flatiron/Mod2/allergen/app/views/recipes/new.erb:9: syntax error, unexpected keyword_ensure, expecting keyword_end
/Users/flatironschool/Flatiron/Mod2/allergen/app/views/recipes/new.erb:11: syntax error, unexpected end-of-input, expecting keyword_end):
  
app/views/recipes/new.erb:9: syntax error, unexpected keyword_ensure, expecting keyword_end
app/views/recipes/new.erb:11: syntax error, unexpected end-of-input, expecting keyword_end
Started GET "/recipes/new" for 127.0.0.1 at 2019-02-06 15:18:57 -0500
Processing by RecipesController#new as HTML
  Rendering recipes/new.erb within layouts/application
  [1m[36mUser Load (2.6ms)[0m  [1m[34mSELECT "users".* FROM "users"[0m
  ↳ app/views/recipes/new.erb:5
  Rendered recipes/new.erb within layouts/application (35.7ms)
Completed 200 OK in 96ms (Views: 90.1ms | ActiveRecord: 2.9ms)


  [1m[35m (0.1ms)[0m  [1m[36mbegin transaction[0m
  [1m[36mUser Create (2.5ms)[0m  [1m[32mINSERT INTO "users" ("name", "created_at", "updated_at") VALUES (?, ?, ?)[0m  [["name", "katie"], ["created_at", "2019-02-06 20:19:32.564041"], ["updated_at", "2019-02-06 20:19:32.564041"]]
  [1m[35m (3.2ms)[0m  [1m[36mcommit transaction[0m
  [1m[35m (0.1ms)[0m  [1m[36mbegin transaction[0m
  [1m[36mUser Create (0.5ms)[0m  [1m[32mINSERT INTO "users" ("name", "created_at", "updated_at") VALUES (?, ?, ?)[0m  [["name", "zach"], ["created_at", "2019-02-06 20:19:32.573348"], ["updated_at", "2019-02-06 20:19:32.573348"]]
  [1m[35m (2.5ms)[0m  [1m[36mcommit transaction[0m
  [1m[35m (0.1ms)[0m  [1m[36mbegin transaction[0m
  [1m[36mUser Create (0.8ms)[0m  [1m[32mINSERT INTO "users" ("name", "created_at", "updated_at") VALUES (?, ?, ?)[0m  [["name", "yisroel"], ["created_at", "2019-02-06 20:19:37.222376"], ["updated_at", "2019-02-06 20:19:37.222376"]]
  [1m[35m (3.0ms)[0m  [1m[36mcommit transaction[0m
Started GET "/recipes/new" for 127.0.0.1 at 2019-02-06 15:19:39 -0500
Processing by RecipesController#new as HTML
  Rendering recipes/new.erb within layouts/application
  [1m[36mUser Load (0.2ms)[0m  [1m[34mSELECT "users".* FROM "users"[0m
  ↳ app/views/recipes/new.erb:5
  Rendered recipes/new.erb within layouts/application (24.8ms)
Completed 200 OK in 57ms (Views: 52.8ms | ActiveRecord: 0.5ms)


Started GET "/recipes/new" for 127.0.0.1 at 2019-02-06 15:22:33 -0500
Processing by RecipesController#new as HTML
  Rendering recipes/new.erb within layouts/application
  Rendered recipes/new.erb within layouts/application (1.2ms)
Completed 500 Internal Server Error in 9ms (ActiveRecord: 0.0ms)


  
SyntaxError (/Users/flatironschool/Flatiron/Mod2/allergen/app/views/recipes/new.erb:4: syntax error, unexpected tCONSTANT, expecting keyword_end
'.freeze;     f.label :Enter Recpie  
                                   ^):
  
app/views/recipes/new.erb:4: syntax error, unexpected tCONSTANT, expecting keyword_end
Started GET "/recipes/new" for 127.0.0.1 at 2019-02-06 15:22:47 -0500
Processing by RecipesController#new as HTML
  Rendering recipes/new.erb within layouts/application
  [1m[36mUser Load (0.2ms)[0m  [1m[34mSELECT "users".* FROM "users"[0m
  ↳ app/views/recipes/new.erb:6
  Rendered recipes/new.erb within layouts/application (47.5ms)
Completed 200 OK in 84ms (Views: 81.6ms | ActiveRecord: 0.2ms)


Started GET "/recipes/new" for 127.0.0.1 at 2019-02-06 15:23:00 -0500
Processing by RecipesController#new as HTML
  Rendering recipes/new.erb within layouts/application
  [1m[36mUser Load (0.2ms)[0m  [1m[34mSELECT "users".* FROM "users"[0m
  ↳ app/views/recipes/new.erb:6
  Rendered recipes/new.erb within layouts/application (2.4ms)
Completed 200 OK in 34ms (Views: 29.6ms | ActiveRecord: 0.2ms)


Started GET "/recipes/new" for 127.0.0.1 at 2019-02-06 15:23:19 -0500
Processing by RecipesController#new as HTML
  Rendering recipes/new.erb within layouts/application
  [1m[36mUser Load (0.1ms)[0m  [1m[34mSELECT "users".* FROM "users"[0m
  ↳ app/views/recipes/new.erb:6
  Rendered recipes/new.erb within layouts/application (2.4ms)
Completed 200 OK in 33ms (Views: 29.0ms | ActiveRecord: 0.1ms)


Started GET "/recipes/new" for 127.0.0.1 at 2019-02-06 15:23:39 -0500
Processing by RecipesController#new as HTML
  Rendering recipes/new.erb within layouts/application
  [1m[36mUser Load (0.3ms)[0m  [1m[34mSELECT "users".* FROM "users"[0m
  ↳ app/views/recipes/new.erb:6
  Rendered recipes/new.erb within layouts/application (3.6ms)
Completed 200 OK in 29ms (Views: 26.5ms | ActiveRecord: 0.3ms)


Started GET "/recipes/new" for 127.0.0.1 at 2019-02-06 15:24:25 -0500
Processing by RecipesController#new as HTML
  Rendering recipes/new.erb within layouts/application
  [1m[36mUser Load (0.2ms)[0m  [1m[34mSELECT "users".* FROM "users"[0m
  ↳ app/views/recipes/new.erb:6
  Rendered recipes/new.erb within layouts/application (2.6ms)
Completed 200 OK in 31ms (Views: 27.9ms | ActiveRecord: 0.2ms)


Started GET "/recipes/new" for 127.0.0.1 at 2019-02-06 15:24:36 -0500
Processing by RecipesController#new as HTML
  Rendering recipes/new.erb within layouts/application
  [1m[36mUser Load (0.2ms)[0m  [1m[34mSELECT "users".* FROM "users"[0m
  ↳ app/views/recipes/new.erb:6
  Rendered recipes/new.erb within layouts/application (2.9ms)
Completed 200 OK in 37ms (Views: 33.9ms | ActiveRecord: 0.2ms)


Started GET "/recipes/new" for 127.0.0.1 at 2019-02-06 15:30:28 -0500
Processing by RecipesController#new as HTML
  Rendering recipes/new.erb within layouts/application
  [1m[36mUser Load (0.3ms)[0m  [1m[34mSELECT "users".* FROM "users"[0m
  ↳ app/views/recipes/new.erb:6
  Rendered recipes/new.erb within layouts/application (12.3ms)
Completed 200 OK in 48ms (Views: 36.1ms | ActiveRecord: 2.2ms)


Started POST "/recipes" for 127.0.0.1 at 2019-02-06 15:30:36 -0500
Processing by RecipesController#create as HTML
  Parameters: {"utf8"=>"✓", "authenticity_token"=>"axPf+di/3MPe+QUjUX+8U86oWYIj9j3T0WzwMirGe6uavvxnRWzwrS+tX2xvw7vOQY6+AEcgzB7u9nQ4x8FKqw==", "recipe"=>{"name"=>"pg0g0g", "user_id"=>"1"}, "commit"=>"Create Recipe"}
Completed 404 Not Found in 5ms (ActiveRecord: 0.0ms)


  
ActiveRecord::RecordNotFound (Couldn't find Recipe without an ID):
  
app/controllers/recipes_controller.rb:14:in `create'
Started GET "/recipes/new" for 127.0.0.1 at 2019-02-06 15:33:49 -0500
Processing by RecipesController#new as HTML
  Rendering recipes/new.erb within layouts/application
  [1m[36mUser Load (0.1ms)[0m  [1m[34mSELECT "users".* FROM "users"[0m
  ↳ app/views/recipes/new.erb:6
  Rendered recipes/new.erb within layouts/application (11.6ms)
Completed 200 OK in 48ms (Views: 38.1ms | ActiveRecord: 1.1ms)


Started POST "/recipes" for 127.0.0.1 at 2019-02-06 15:33:55 -0500
Processing by RecipesController#create as HTML
  Parameters: {"utf8"=>"✓", "authenticity_token"=>"pL39I0iEGaUt026gJp+TVf/FSFkaRaeDw4dYT/yiV71VEN691Vc1y9yHNO8YI5TIcOOv236TVk78HdxFEaVmvQ==", "recipe"=>{"name"=>"drtyw46j", "user_id"=>"1"}, "commit"=>"Create Recipe"}
  [1m[35m (0.2ms)[0m  [1m[36mbegin transaction[0m
  ↳ app/controllers/recipes_controller.rb:14
  [1m[36mUser Load (0.2ms)[0m  [1m[34mSELECT  "users".* FROM "users" WHERE "users"."id" = ? LIMIT ?[0m  [["id", 1], ["LIMIT", 1]]
  ↳ app/controllers/recipes_controller.rb:14
  [1m[36mRecipe Create (3.0ms)[0m  [1m[32mINSERT INTO "recipes" ("name", "user_id") VALUES (?, ?)[0m  [["name", "drtyw46j"], ["user_id", 1]]
  ↳ app/controllers/recipes_controller.rb:14
  [1m[35m (3.1ms)[0m  [1m[36mcommit transaction[0m
  ↳ app/controllers/recipes_controller.rb:14
Redirected to http://localhost:3000/recipes/1
Completed 302 Found in 46ms (ActiveRecord: 6.5ms)


Started GET "/recipes/1" for 127.0.0.1 at 2019-02-06 15:33:55 -0500
Processing by RecipesController#show as HTML
  Parameters: {"id"=>"1"}
  Rendering recipes/show.erb within layouts/application
  Rendered recipes/show.erb within layouts/application (0.4ms)
Completed 200 OK in 27ms (Views: 25.4ms | ActiveRecord: 0.0ms)


Started GET "/recipes/1" for 127.0.0.1 at 2019-02-06 15:35:05 -0500
Processing by RecipesController#show as HTML
  Parameters: {"id"=>"1"}
  Rendering recipes/show.erb within layouts/application
  Rendered recipes/show.erb within layouts/application (0.9ms)
Completed 200 OK in 36ms (Views: 32.8ms | ActiveRecord: 0.0ms)


Started GET "/recipes/1" for 127.0.0.1 at 2019-02-06 15:35:53 -0500
Processing by RecipesController#show as HTML
  Parameters: {"id"=>"1"}
  [1m[36mRecipe Load (0.1ms)[0m  [1m[34mSELECT  "recipes".* FROM "recipes" WHERE "recipes"."id" = ? LIMIT ?[0m  [["id", 1], ["LIMIT", 1]]
  ↳ app/controllers/recipes_controller.rb:20
  Rendering recipes/show.erb within layouts/application
  Rendered recipes/show.erb within layouts/application (0.4ms)
Completed 200 OK in 44ms (Views: 32.1ms | ActiveRecord: 1.3ms)


Started GET "/recipes/1" for 127.0.0.1 at 2019-02-06 15:35:54 -0500
Processing by RecipesController#show as HTML
  Parameters: {"id"=>"1"}
  [1m[36mRecipe Load (0.1ms)[0m  [1m[34mSELECT  "recipes".* FROM "recipes" WHERE "recipes"."id" = ? LIMIT ?[0m  [["id", 1], ["LIMIT", 1]]
  ↳ app/controllers/recipes_controller.rb:20
  Rendering recipes/show.erb within layouts/application
  Rendered recipes/show.erb within layouts/application (0.4ms)
Completed 200 OK in 31ms (Views: 28.0ms | ActiveRecord: 0.1ms)


Started GET "/recipes/1" for 127.0.0.1 at 2019-02-06 15:36:55 -0500
Processing by RecipesController#show as HTML
  Parameters: {"id"=>"1"}
  [1m[36mRecipe Load (0.2ms)[0m  [1m[34mSELECT  "recipes".* FROM "recipes" WHERE "recipes"."id" = ? LIMIT ?[0m  [["id", 1], ["LIMIT", 1]]
  ↳ app/controllers/recipes_controller.rb:20
  Rendering recipes/show.erb within layouts/application
  [1m[36mUser Load (0.1ms)[0m  [1m[34mSELECT  "users".* FROM "users" WHERE "users"."id" = ? LIMIT ?[0m  [["id", 1], ["LIMIT", 1]]
  ↳ app/views/recipes/show.erb:2
  Rendered recipes/show.erb within layouts/application (17.5ms)
Completed 200 OK in 48ms (Views: 42.3ms | ActiveRecord: 0.7ms)


Started GET "/recipes/1" for 127.0.0.1 at 2019-02-06 15:37:09 -0500
Processing by RecipesController#show as HTML
  Parameters: {"id"=>"1"}
  [1m[36mRecipe Load (0.1ms)[0m  [1m[34mSELECT  "recipes".* FROM "recipes" WHERE "recipes"."id" = ? LIMIT ?[0m  [["id", 1], ["LIMIT", 1]]
  ↳ app/controllers/recipes_controller.rb:20
  Rendering recipes/show.erb within layouts/application
  Rendered recipes/show.erb within layouts/application (0.4ms)
Completed 200 OK in 31ms (Views: 28.1ms | ActiveRecord: 0.1ms)


Started GET "/recipes/1" for 127.0.0.1 at 2019-02-06 15:37:22 -0500
Processing by RecipesController#show as HTML
  Parameters: {"id"=>"1"}
  [1m[36mRecipe Load (0.2ms)[0m  [1m[34mSELECT  "recipes".* FROM "recipes" WHERE "recipes"."id" = ? LIMIT ?[0m  [["id", 1], ["LIMIT", 1]]
  ↳ app/controllers/recipes_controller.rb:20
  Rendering recipes/show.erb within layouts/application
  [1m[36mUser Load (0.1ms)[0m  [1m[34mSELECT  "users".* FROM "users" WHERE "users"."id" = ? LIMIT ?[0m  [["id", 1], ["LIMIT", 1]]
  ↳ app/views/recipes/show.erb:2
  Rendered recipes/show.erb within layouts/application (1.3ms)
Completed 200 OK in 32ms (Views: 27.9ms | ActiveRecord: 0.3ms)


Started GET "/recipes/1" for 127.0.0.1 at 2019-02-06 15:38:37 -0500
Processing by RecipesController#show as HTML
  Parameters: {"id"=>"1"}
  [1m[36mRecipe Load (0.1ms)[0m  [1m[34mSELECT  "recipes".* FROM "recipes" WHERE "recipes"."id" = ? LIMIT ?[0m  [["id", 1], ["LIMIT", 1]]
  ↳ app/controllers/recipes_controller.rb:20
  Rendering recipes/show.erb within layouts/application
  [1m[36mUser Load (0.1ms)[0m  [1m[34mSELECT  "users".* FROM "users" WHERE "users"."id" = ? LIMIT ?[0m  [["id", 1], ["LIMIT", 1]]
  ↳ app/views/recipes/show.erb:3
  Rendered recipes/show.erb within layouts/application (1.2ms)
Completed 200 OK in 31ms (Views: 27.7ms | ActiveRecord: 0.2ms)


Started GET "/recipes/1" for 127.0.0.1 at 2019-02-06 15:39:02 -0500
Processing by RecipesController#show as HTML
  Parameters: {"id"=>"1"}
  [1m[36mRecipe Load (0.3ms)[0m  [1m[34mSELECT  "recipes".* FROM "recipes" WHERE "recipes"."id" = ? LIMIT ?[0m  [["id", 1], ["LIMIT", 1]]
  ↳ app/controllers/recipes_controller.rb:20
  Rendering recipes/show.erb within layouts/application
  [1m[36mUser Load (0.1ms)[0m  [1m[34mSELECT  "users".* FROM "users" WHERE "users"."id" = ? LIMIT ?[0m  [["id", 1], ["LIMIT", 1]]
  ↳ app/views/recipes/show.erb:3
  Rendered recipes/show.erb within layouts/application (1.9ms)
Completed 200 OK in 32ms (Views: 28.2ms | ActiveRecord: 0.4ms)


Started GET "/recipes/1" for 127.0.0.1 at 2019-02-06 15:39:58 -0500
Processing by RecipesController#show as HTML
  Parameters: {"id"=>"1"}
  [1m[36mRecipe Load (0.2ms)[0m  [1m[34mSELECT  "recipes".* FROM "recipes" WHERE "recipes"."id" = ? LIMIT ?[0m  [["id", 1], ["LIMIT", 1]]
  ↳ app/controllers/recipes_controller.rb:20
  Rendering recipes/show.erb within layouts/application
  [1m[36mUser Load (0.2ms)[0m  [1m[34mSELECT  "users".* FROM "users" WHERE "users"."id" = ? LIMIT ?[0m  [["id", 1], ["LIMIT", 1]]
  ↳ app/views/recipes/show.erb:3
  Rendered recipes/show.erb within layouts/application (2.1ms)
Completed 200 OK in 30ms (Views: 25.9ms | ActiveRecord: 0.4ms)


Started GET "/recipes/1/edit" for 127.0.0.1 at 2019-02-06 15:44:04 -0500
  [1m[35m (0.1ms)[0m  [1m[34mSELECT "schema_migrations"."version" FROM "schema_migrations" ORDER BY "schema_migrations"."version" ASC[0m
  ↳ /Users/flatironschool/.rvm/gems/ruby-2.3.3/gems/activerecord-5.2.2/lib/active_record/log_subscriber.rb:98
Processing by RecipesController#edit as HTML
  Parameters: {"id"=>"1"}
  Rendering recipes/edit.erb within layouts/application
  Rendered recipes/edit.erb within layouts/application (10.5ms)
Completed 500 Internal Server Error in 46ms (ActiveRecord: 0.0ms)


  
ActionView::Template::Error (First argument in form cannot contain nil or be empty):
    1: <h1>edit a recipe</h1>
    2: 
    3: <%= form_for @recipe do |f| %>
    4:     <%= f.text_field :name %>
    5:     <%= f.collection_select(:user_id, User.all, :id, :name) %>
    6:     <%= f.submit %>
  
app/views/recipes/edit.erb:3:in `_app_views_recipes_edit_erb__1651121461028800026_70253609056000'
Started GET "/recipes/1/edit" for 127.0.0.1 at 2019-02-06 15:44:40 -0500
Processing by RecipesController#edit as HTML
  Parameters: {"id"=>"1"}
  [1m[36mRecipe Load (0.2ms)[0m  [1m[34mSELECT  "recipes".* FROM "recipes" WHERE "recipes"."id" = ? LIMIT ?[0m  [["id", 1], ["LIMIT", 1]]
  ↳ app/controllers/recipes_controller.rb:24
  Rendering recipes/edit.erb within layouts/application
  [1m[36mUser Load (0.2ms)[0m  [1m[34mSELECT "users".* FROM "users"[0m
  ↳ app/views/recipes/edit.erb:5
  Rendered recipes/edit.erb within layouts/application (46.0ms)
Completed 200 OK in 434ms (Views: 416.2ms | ActiveRecord: 1.2ms)


Started PATCH "/recipes/1" for 127.0.0.1 at 2019-02-06 15:46:00 -0500
Processing by RecipesController#update as HTML
  Parameters: {"utf8"=>"✓", "authenticity_token"=>"H7NyFEgYu8xHulcIqgKAOjmi8CmQE7jH1atzJCYrWC3uHlGK1cuXorbuDUeUvoentoQXq/TFSQrqMfcuyyxpLQ==", "recipe"=>{"name"=>"pizza", "user_id"=>"1"}, "commit"=>"Update Recipe", "id"=>"1"}
  [1m[36mRecipe Load (0.1ms)[0m  [1m[34mSELECT  "recipes".* FROM "recipes" WHERE "recipes"."id" = ? LIMIT ?[0m  [["id", 1], ["LIMIT", 1]]
  ↳ app/controllers/recipes_controller.rb:28
  [1m[35m (0.1ms)[0m  [1m[36mbegin transaction[0m
  ↳ app/controllers/recipes_controller.rb:29
  [1m[36mUser Load (0.2ms)[0m  [1m[34mSELECT  "users".* FROM "users" WHERE "users"."id" = ? LIMIT ?[0m  [["id", 1], ["LIMIT", 1]]
  ↳ app/controllers/recipes_controller.rb:29
  [1m[36mRecipe Update (0.5ms)[0m  [1m[33mUPDATE "recipes" SET "name" = ? WHERE "recipes"."id" = ?[0m  [["name", "pizza"], ["id", 1]]
  ↳ app/controllers/recipes_controller.rb:29
  [1m[35m (2.5ms)[0m  [1m[36mcommit transaction[0m
  ↳ app/controllers/recipes_controller.rb:29
Redirected to http://localhost:3000/recipes/1
Completed 302 Found in 28ms (ActiveRecord: 4.4ms)


Started GET "/recipes/1" for 127.0.0.1 at 2019-02-06 15:46:00 -0500
Processing by RecipesController#show as HTML
  Parameters: {"id"=>"1"}
  [1m[36mRecipe Load (0.3ms)[0m  [1m[34mSELECT  "recipes".* FROM "recipes" WHERE "recipes"."id" = ? LIMIT ?[0m  [["id", 1], ["LIMIT", 1]]
  ↳ app/controllers/recipes_controller.rb:20
  Rendering recipes/show.erb within layouts/application
  [1m[36mUser Load (0.2ms)[0m  [1m[34mSELECT  "users".* FROM "users" WHERE "users"."id" = ? LIMIT ?[0m  [["id", 1], ["LIMIT", 1]]
  ↳ app/views/recipes/show.erb:3
  Rendered recipes/show.erb within layouts/application (2.2ms)
Completed 200 OK in 43ms (Views: 36.1ms | ActiveRecord: 0.5ms)


Started GET "/recipes/1" for 127.0.0.1 at 2019-02-06 15:52:42 -0500
Processing by RecipesController#show as HTML
  Parameters: {"id"=>"1"}
  [1m[36mRecipe Load (0.1ms)[0m  [1m[34mSELECT  "recipes".* FROM "recipes" WHERE "recipes"."id" = ? LIMIT ?[0m  [["id", 1], ["LIMIT", 1]]
  ↳ app/controllers/recipes_controller.rb:20
  Rendering recipes/show.erb within layouts/application
  [1m[36mUser Load (0.1ms)[0m  [1m[34mSELECT  "users".* FROM "users" WHERE "users"."id" = ? LIMIT ?[0m  [["id", 1], ["LIMIT", 1]]
  ↳ app/views/recipes/show.erb:3
  Rendered recipes/show.erb within layouts/application (9.2ms)
Completed 200 OK in 58ms (Views: 44.1ms | ActiveRecord: 1.4ms)


Started DELETE "/recipes" for 127.0.0.1 at 2019-02-06 15:52:46 -0500
  
ActionController::RoutingError (No route matches [DELETE] "/recipes"):
  
actionpack (5.2.2) lib/action_dispatch/middleware/debug_exceptions.rb:65:in `call'
web-console (3.7.0) lib/web_console/middleware.rb:135:in `call_app'
web-console (3.7.0) lib/web_console/middleware.rb:30:in `block in call'
web-console (3.7.0) lib/web_console/middleware.rb:20:in `catch'
web-console (3.7.0) lib/web_console/middleware.rb:20:in `call'
actionpack (5.2.2) lib/action_dispatch/middleware/show_exceptions.rb:33:in `call'
railties (5.2.2) lib/rails/rack/logger.rb:38:in `call_app'
railties (5.2.2) lib/rails/rack/logger.rb:26:in `block in call'
activesupport (5.2.2) lib/active_support/tagged_logging.rb:71:in `block in tagged'
activesupport (5.2.2) lib/active_support/tagged_logging.rb:28:in `tagged'
activesupport (5.2.2) lib/active_support/tagged_logging.rb:71:in `tagged'
railties (5.2.2) lib/rails/rack/logger.rb:26:in `call'
sprockets-rails (3.2.1) lib/sprockets/rails/quiet_assets.rb:13:in `call'
actionpack (5.2.2) lib/action_dispatch/middleware/remote_ip.rb:81:in `call'
actionpack (5.2.2) lib/action_dispatch/middleware/request_id.rb:27:in `call'
rack (2.0.6) lib/rack/method_override.rb:22:in `call'
rack (2.0.6) lib/rack/runtime.rb:22:in `call'
activesupport (5.2.2) lib/active_support/cache/strategy/local_cache_middleware.rb:29:in `call'
actionpack (5.2.2) lib/action_dispatch/middleware/executor.rb:14:in `call'
actionpack (5.2.2) lib/action_dispatch/middleware/static.rb:127:in `call'
rack (2.0.6) lib/rack/sendfile.rb:111:in `call'
railties (5.2.2) lib/rails/engine.rb:524:in `call'
puma (3.12.0) lib/puma/configuration.rb:225:in `call'
puma (3.12.0) lib/puma/server.rb:658:in `handle_request'
puma (3.12.0) lib/puma/server.rb:472:in `process_client'
puma (3.12.0) lib/puma/server.rb:332:in `block in run'
puma (3.12.0) lib/puma/thread_pool.rb:133:in `block in spawn_thread'
Started GET "/rails/routes/info" for 127.0.0.1 at 2019-02-06 15:54:14 -0500
  
ActionController::RoutingError (No route matches [GET] "/rails/routes/info"):
  
actionpack (5.2.2) lib/action_dispatch/middleware/debug_exceptions.rb:65:in `call'
web-console (3.7.0) lib/web_console/middleware.rb:135:in `call_app'
web-console (3.7.0) lib/web_console/middleware.rb:30:in `block in call'
web-console (3.7.0) lib/web_console/middleware.rb:20:in `catch'
web-console (3.7.0) lib/web_console/middleware.rb:20:in `call'
actionpack (5.2.2) lib/action_dispatch/middleware/show_exceptions.rb:33:in `call'
railties (5.2.2) lib/rails/rack/logger.rb:38:in `call_app'
railties (5.2.2) lib/rails/rack/logger.rb:26:in `block in call'
activesupport (5.2.2) lib/active_support/tagged_logging.rb:71:in `block in tagged'
activesupport (5.2.2) lib/active_support/tagged_logging.rb:28:in `tagged'
activesupport (5.2.2) lib/active_support/tagged_logging.rb:71:in `tagged'
railties (5.2.2) lib/rails/rack/logger.rb:26:in `call'
sprockets-rails (3.2.1) lib/sprockets/rails/quiet_assets.rb:13:in `call'
actionpack (5.2.2) lib/action_dispatch/middleware/remote_ip.rb:81:in `call'
actionpack (5.2.2) lib/action_dispatch/middleware/request_id.rb:27:in `call'
rack (2.0.6) lib/rack/method_override.rb:22:in `call'
rack (2.0.6) lib/rack/runtime.rb:22:in `call'
activesupport (5.2.2) lib/active_support/cache/strategy/local_cache_middleware.rb:29:in `call'
actionpack (5.2.2) lib/action_dispatch/middleware/executor.rb:14:in `call'
actionpack (5.2.2) lib/action_dispatch/middleware/static.rb:127:in `call'
rack (2.0.6) lib/rack/sendfile.rb:111:in `call'
railties (5.2.2) lib/rails/engine.rb:524:in `call'
puma (3.12.0) lib/puma/configuration.rb:225:in `call'
puma (3.12.0) lib/puma/server.rb:658:in `handle_request'
puma (3.12.0) lib/puma/server.rb:472:in `process_client'
puma (3.12.0) lib/puma/server.rb:332:in `block in run'
puma (3.12.0) lib/puma/thread_pool.rb:133:in `block in spawn_thread'
Started GET "/rails/info/routes" for 127.0.0.1 at 2019-02-06 15:54:37 -0500
Processing by Rails::InfoController#routes as HTML
  Rendering /Users/flatironschool/.rvm/gems/ruby-2.3.3/gems/railties-5.2.2/lib/rails/templates/rails/info/routes.html.erb within layouts/application
  Rendered collection of /Users/flatironschool/.rvm/gems/ruby-2.3.3/gems/actionpack-5.2.2/lib/action_dispatch/middleware/templates/routes/_route.html.erb [37 times] (13.9ms)
  Rendered /Users/flatironschool/.rvm/gems/ruby-2.3.3/gems/actionpack-5.2.2/lib/action_dispatch/middleware/templates/routes/_table.html.erb (1.5ms)
  Rendered /Users/flatironschool/.rvm/gems/ruby-2.3.3/gems/railties-5.2.2/lib/rails/templates/rails/info/routes.html.erb within layouts/application (25.0ms)
Completed 200 OK in 51ms (Views: 39.9ms | ActiveRecord: 0.0ms)


Started DELETE "/recipes" for 127.0.0.1 at 2019-02-06 15:55:37 -0500
  
ActionController::RoutingError (No route matches [DELETE] "/recipes"):
  
actionpack (5.2.2) lib/action_dispatch/middleware/debug_exceptions.rb:65:in `call'
web-console (3.7.0) lib/web_console/middleware.rb:135:in `call_app'
web-console (3.7.0) lib/web_console/middleware.rb:30:in `block in call'
web-console (3.7.0) lib/web_console/middleware.rb:20:in `catch'
web-console (3.7.0) lib/web_console/middleware.rb:20:in `call'
actionpack (5.2.2) lib/action_dispatch/middleware/show_exceptions.rb:33:in `call'
railties (5.2.2) lib/rails/rack/logger.rb:38:in `call_app'
railties (5.2.2) lib/rails/rack/logger.rb:26:in `block in call'
activesupport (5.2.2) lib/active_support/tagged_logging.rb:71:in `block in tagged'
activesupport (5.2.2) lib/active_support/tagged_logging.rb:28:in `tagged'
activesupport (5.2.2) lib/active_support/tagged_logging.rb:71:in `tagged'
railties (5.2.2) lib/rails/rack/logger.rb:26:in `call'
sprockets-rails (3.2.1) lib/sprockets/rails/quiet_assets.rb:13:in `call'
actionpack (5.2.2) lib/action_dispatch/middleware/remote_ip.rb:81:in `call'
actionpack (5.2.2) lib/action_dispatch/middleware/request_id.rb:27:in `call'
rack (2.0.6) lib/rack/method_override.rb:22:in `call'
rack (2.0.6) lib/rack/runtime.rb:22:in `call'
activesupport (5.2.2) lib/active_support/cache/strategy/local_cache_middleware.rb:29:in `call'
actionpack (5.2.2) lib/action_dispatch/middleware/executor.rb:14:in `call'
actionpack (5.2.2) lib/action_dispatch/middleware/static.rb:127:in `call'
rack (2.0.6) lib/rack/sendfile.rb:111:in `call'
railties (5.2.2) lib/rails/engine.rb:524:in `call'
puma (3.12.0) lib/puma/configuration.rb:225:in `call'
puma (3.12.0) lib/puma/server.rb:658:in `handle_request'
puma (3.12.0) lib/puma/server.rb:472:in `process_client'
puma (3.12.0) lib/puma/server.rb:332:in `block in run'
puma (3.12.0) lib/puma/thread_pool.rb:133:in `block in spawn_thread'
Started GET "/recipes/1" for 127.0.0.1 at 2019-02-06 15:55:44 -0500
Processing by RecipesController#show as HTML
  Parameters: {"id"=>"1"}
  [1m[36mRecipe Load (0.1ms)[0m  [1m[34mSELECT  "recipes".* FROM "recipes" WHERE "recipes"."id" = ? LIMIT ?[0m  [["id", 1], ["LIMIT", 1]]
  ↳ app/controllers/recipes_controller.rb:20
  Rendering recipes/show.erb within layouts/application
  [1m[36mUser Load (0.1ms)[0m  [1m[34mSELECT  "users".* FROM "users" WHERE "users"."id" = ? LIMIT ?[0m  [["id", 1], ["LIMIT", 1]]
  ↳ app/views/recipes/show.erb:3
  Rendered recipes/show.erb within layouts/application (1.6ms)
Completed 200 OK in 35ms (Views: 32.3ms | ActiveRecord: 0.2ms)


Started DELETE "/recipes/1" for 127.0.0.1 at 2019-02-06 15:55:45 -0500
Processing by RecipesController#destroy as HTML
  Parameters: {"authenticity_token"=>"lI9FBvA3FoFDo8KtkjMRws71yFG1Ib/RXbgjWa4R20dlImaYbeQ677L3mOKsjxZfQdMv09H3ThxiIqdTQxbqRw==", "id"=>"1"}
  [1m[36mRecipe Load (0.1ms)[0m  [1m[34mSELECT  "recipes".* FROM "recipes" WHERE "recipes"."id" = ? LIMIT ?[0m  [["id", 1], ["LIMIT", 1]]
  ↳ app/controllers/recipes_controller.rb:35
  [1m[36mRecipe Destroy (2.8ms)[0m  [1m[31mDELETE FROM "recipes" WHERE "recipes"."id" = ?[0m  [["id", 1]]
  ↳ app/controllers/recipes_controller.rb:36
No template found for RecipesController#destroy, rendering head :no_content
Completed 204 No Content in 151ms (ActiveRecord: 2.9ms)


Started GET "/recipes/1" for 127.0.0.1 at 2019-02-06 15:56:18 -0500
Processing by RecipesController#show as HTML
  Parameters: {"id"=>"1"}
  [1m[36mRecipe Load (0.4ms)[0m  [1m[34mSELECT  "recipes".* FROM "recipes" WHERE "recipes"."id" = ? LIMIT ?[0m  [["id", 1], ["LIMIT", 1]]
  ↳ app/controllers/recipes_controller.rb:20
Completed 404 Not Found in 10ms (ActiveRecord: 1.2ms)


  
ActiveRecord::RecordNotFound (Couldn't find Recipe with 'id'=1):
  
app/controllers/recipes_controller.rb:20:in `show'
Started GET "/recipes/new" for 127.0.0.1 at 2019-02-06 15:56:28 -0500
Processing by RecipesController#new as HTML
  Rendering recipes/new.erb within layouts/application
  [1m[36mUser Load (0.1ms)[0m  [1m[34mSELECT "users".* FROM "users"[0m
  ↳ app/views/recipes/new.erb:6
  Rendered recipes/new.erb within layouts/application (17.8ms)
Completed 200 OK in 63ms (Views: 57.7ms | ActiveRecord: 0.5ms)


Started POST "/recipes" for 127.0.0.1 at 2019-02-06 15:56:35 -0500
Processing by RecipesController#create as HTML
  Parameters: {"utf8"=>"✓", "authenticity_token"=>"OieEmwdkwvBUD0kR1IBhGVrm4S7faSfetwh7bBkshdXLiqcFmrfunqVbE17qPGaE1cAGrLu/1hOIkv9m9Cu01Q==", "recipe"=>{"name"=>"pasta", "user_id"=>"1"}, "commit"=>"Create Recipe"}
  [1m[35m (0.1ms)[0m  [1m[36mbegin transaction[0m
  ↳ app/controllers/recipes_controller.rb:14
  [1m[36mUser Load (0.2ms)[0m  [1m[34mSELECT  "users".* FROM "users" WHERE "users"."id" = ? LIMIT ?[0m  [["id", 1], ["LIMIT", 1]]
  ↳ app/controllers/recipes_controller.rb:14
  [1m[36mRecipe Create (0.4ms)[0m  [1m[32mINSERT INTO "recipes" ("name", "user_id") VALUES (?, ?)[0m  [["name", "pasta"], ["user_id", 1]]
  ↳ app/controllers/recipes_controller.rb:14
  [1m[35m (2.6ms)[0m  [1m[36mcommit transaction[0m
  ↳ app/controllers/recipes_controller.rb:14
Redirected to http://localhost:3000/recipes/2
Completed 302 Found in 11ms (ActiveRecord: 3.2ms)


Started GET "/recipes/2" for 127.0.0.1 at 2019-02-06 15:56:35 -0500
Processing by RecipesController#show as HTML
  Parameters: {"id"=>"2"}
  [1m[36mRecipe Load (0.2ms)[0m  [1m[34mSELECT  "recipes".* FROM "recipes" WHERE "recipes"."id" = ? LIMIT ?[0m  [["id", 2], ["LIMIT", 1]]
  ↳ app/controllers/recipes_controller.rb:20
  Rendering recipes/show.erb within layouts/application
  [1m[36mUser Load (0.1ms)[0m  [1m[34mSELECT  "users".* FROM "users" WHERE "users"."id" = ? LIMIT ?[0m  [["id", 1], ["LIMIT", 1]]
  ↳ app/views/recipes/show.erb:3
  Rendered recipes/show.erb within layouts/application (1.9ms)
Completed 200 OK in 48ms (Views: 42.1ms | ActiveRecord: 0.3ms)


Started DELETE "/recipes/2" for 127.0.0.1 at 2019-02-06 15:56:37 -0500
Processing by RecipesController#destroy as HTML
  Parameters: {"authenticity_token"=>"I+m+QUs6oahZ4ewRPjrNNWa8O5F/pJCXhzgdZexzOI3SRJ3f1umNxqi1tl4Ahsqo6ZrcExtyYVq4oplvAXQJjQ==", "id"=>"2"}
  [1m[36mRecipe Load (0.1ms)[0m  [1m[34mSELECT  "recipes".* FROM "recipes" WHERE "recipes"."id" = ? LIMIT ?[0m  [["id", 2], ["LIMIT", 1]]
  ↳ app/controllers/recipes_controller.rb:35
  [1m[36mRecipe Destroy (2.7ms)[0m  [1m[31mDELETE FROM "recipes" WHERE "recipes"."id" = ?[0m  [["id", 2]]
  ↳ app/controllers/recipes_controller.rb:36
Redirected to http://localhost:3000/recipes
Completed 302 Found in 5ms (ActiveRecord: 2.8ms)


Started GET "/recipes" for 127.0.0.1 at 2019-02-06 15:56:37 -0500
Processing by RecipesController#index as HTML
  Rendering recipes/index.erb within layouts/application
  Rendered recipes/index.erb within layouts/application (0.5ms)
Completed 200 OK in 43ms (Views: 42.1ms | ActiveRecord: 0.0ms)


Started GET "/recipes/2" for 127.0.0.1 at 2019-02-06 15:56:41 -0500
Processing by RecipesController#show as HTML
  Parameters: {"id"=>"2"}
  [1m[36mRecipe Load (0.1ms)[0m  [1m[34mSELECT  "recipes".* FROM "recipes" WHERE "recipes"."id" = ? LIMIT ?[0m  [["id", 2], ["LIMIT", 1]]
  ↳ app/controllers/recipes_controller.rb:20
Completed 404 Not Found in 1ms (ActiveRecord: 0.1ms)


  
ActiveRecord::RecordNotFound (Couldn't find Recipe with 'id'=2):
  
app/controllers/recipes_controller.rb:20:in `show'
Started GET "/recipes/new" for 127.0.0.1 at 2019-02-06 15:58:57 -0500
Processing by RecipesController#new as HTML
  Rendering recipes/new.erb within layouts/application
  [1m[36mUser Load (0.3ms)[0m  [1m[34mSELECT "users".* FROM "users"[0m
  ↳ app/views/recipes/new.erb:6
  Rendered recipes/new.erb within layouts/application (10.0ms)
Completed 200 OK in 70ms (Views: 56.3ms | ActiveRecord: 1.5ms)


Started GET "/users" for 127.0.0.1 at 2019-02-06 15:59:03 -0500
Processing by UsersController#index as HTML
Completed 500 Internal Server Error in 6ms (ActiveRecord: 0.0ms)


  
ActionView::MissingTemplate (Missing template users/index, application/index with {:locale=>[:en], :formats=>[:html], :variants=>[], :handlers=>[:raw, :erb, :html, :builder, :ruby, :coffee, :jbuilder]}. Searched in:
  * "/Users/flatironschool/Flatiron/Mod2/allergen/app/views"
):
  
app/controllers/users_controller.rb:6:in `index'
Started GET "/users" for 127.0.0.1 at 2019-02-06 16:00:58 -0500
Processing by UsersController#index as HTML
  Rendering users/index.erb within layouts/application
  [1m[36mUser Load (0.2ms)[0m  [1m[34mSELECT "users".* FROM "users"[0m
  ↳ app/views/users/index.erb:3
  Rendered users/index.erb within layouts/application (1.1ms)
Completed 200 OK in 29ms (Views: 28.0ms | ActiveRecord: 0.2ms)


Started GET "/users/new" for 127.0.0.1 at 2019-02-06 16:02:09 -0500
Processing by UsersController#new as HTML
  Rendering users/new.erb within layouts/application
  Rendered users/new.erb within layouts/application (2.3ms)
Completed 200 OK in 35ms (Views: 31.5ms | ActiveRecord: 0.0ms)


Started POST "/users" for 127.0.0.1 at 2019-02-06 16:04:08 -0500
Processing by UsersController#create as HTML
  Parameters: {"utf8"=>"✓", "authenticity_token"=>"8NznNGeSVTXPe9bp2RaeFJk3EJST/u6UC6dvKeGTwGgBccSq+kF5Wz4vjKbnqpmJFhH3FvcoH1k0PesjDJTxaA==", "user"=>{"name"=>"bob"}, "commit"=>"Create User"}
  [1m[35m (0.1ms)[0m  [1m[36mbegin transaction[0m
  ↳ app/controllers/users_controller.rb:14
  [1m[36mUser Create (0.5ms)[0m  [1m[32mINSERT INTO "users" ("name", "created_at", "updated_at") VALUES (?, ?, ?)[0m  [["name", "bob"], ["created_at", "2019-02-06 21:04:08.440146"], ["updated_at", "2019-02-06 21:04:08.440146"]]
  ↳ app/controllers/users_controller.rb:14
  [1m[35m (2.4ms)[0m  [1m[36mcommit transaction[0m
  ↳ app/controllers/users_controller.rb:14
Redirected to http://localhost:3000/users/4
Completed 302 Found in 8ms (ActiveRecord: 3.0ms)


Started GET "/users/4" for 127.0.0.1 at 2019-02-06 16:04:08 -0500
Processing by UsersController#show as HTML
  Parameters: {"id"=>"4"}
  [1m[36mUser Load (0.3ms)[0m  [1m[34mSELECT  "users".* FROM "users" WHERE "users"."id" = ? LIMIT ?[0m  [["id", 4], ["LIMIT", 1]]
  ↳ app/controllers/users_controller.rb:20
  Rendering users/show.erb within layouts/application
  [1m[36mRecipe Load (0.2ms)[0m  [1m[34mSELECT "recipes".* FROM "recipes" WHERE "recipes"."user_id" = ?[0m  [["user_id", 4]]
  ↳ app/views/users/show.erb:3
  Rendered users/show.erb within layouts/application (28.5ms)
Completed 200 OK in 79ms (Views: 71.4ms | ActiveRecord: 0.4ms)


Started GET "/recipes/new" for 127.0.0.1 at 2019-02-06 16:04:20 -0500
Processing by RecipesController#new as HTML
  Rendering recipes/new.erb within layouts/application
  [1m[36mUser Load (0.1ms)[0m  [1m[34mSELECT "users".* FROM "users"[0m
  ↳ app/views/recipes/new.erb:6
  Rendered recipes/new.erb within layouts/application (2.6ms)
Completed 200 OK in 31ms (Views: 27.4ms | ActiveRecord: 0.1ms)


Started POST "/recipes" for 127.0.0.1 at 2019-02-06 16:04:28 -0500
Processing by RecipesController#create as HTML
  Parameters: {"utf8"=>"✓", "authenticity_token"=>"vRXjbtStlv6bg9g09uxEXLRAEsT6KoOW0xgpHqaR34JMuMDwSX66kGrXgnvIUEPBO2b1Rp78clvsgq0US5bugg==", "recipe"=>{"name"=>"calzone", "user_id"=>"4"}, "commit"=>"Create Recipe"}
  [1m[35m (0.2ms)[0m  [1m[36mbegin transaction[0m
  ↳ app/controllers/recipes_controller.rb:14
  [1m[36mUser Load (0.1ms)[0m  [1m[34mSELECT  "users".* FROM "users" WHERE "users"."id" = ? LIMIT ?[0m  [["id", 4], ["LIMIT", 1]]
  ↳ app/controllers/recipes_controller.rb:14
  [1m[36mRecipe Create (0.4ms)[0m  [1m[32mINSERT INTO "recipes" ("name", "user_id") VALUES (?, ?)[0m  [["name", "calzone"], ["user_id", 4]]
  ↳ app/controllers/recipes_controller.rb:14
  [1m[35m (2.5ms)[0m  [1m[36mcommit transaction[0m
  ↳ app/controllers/recipes_controller.rb:14
Redirected to http://localhost:3000/recipes/3
Completed 302 Found in 10ms (ActiveRecord: 3.2ms)


Started GET "/recipes/3" for 127.0.0.1 at 2019-02-06 16:04:28 -0500
Processing by RecipesController#show as HTML
  Parameters: {"id"=>"3"}
  [1m[36mRecipe Load (0.3ms)[0m  [1m[34mSELECT  "recipes".* FROM "recipes" WHERE "recipes"."id" = ? LIMIT ?[0m  [["id", 3], ["LIMIT", 1]]
  ↳ app/controllers/recipes_controller.rb:20
  Rendering recipes/show.erb within layouts/application
  [1m[36mUser Load (0.2ms)[0m  [1m[34mSELECT  "users".* FROM "users" WHERE "users"."id" = ? LIMIT ?[0m  [["id", 4], ["LIMIT", 1]]
  ↳ app/views/recipes/show.erb:3
  Rendered recipes/show.erb within layouts/application (3.1ms)
Completed 200 OK in 40ms (Views: 33.4ms | ActiveRecord: 0.4ms)


Started GET "/users/1" for 127.0.0.1 at 2019-02-06 16:04:37 -0500
Processing by UsersController#show as HTML
  Parameters: {"id"=>"1"}
  [1m[36mUser Load (0.1ms)[0m  [1m[34mSELECT  "users".* FROM "users" WHERE "users"."id" = ? LIMIT ?[0m  [["id", 1], ["LIMIT", 1]]
  ↳ app/controllers/users_controller.rb:20
  Rendering users/show.erb within layouts/application
  [1m[36mRecipe Load (0.1ms)[0m  [1m[34mSELECT "recipes".* FROM "recipes" WHERE "recipes"."user_id" = ?[0m  [["user_id", 1]]
  ↳ app/views/users/show.erb:3
  Rendered users/show.erb within layouts/application (1.7ms)
Completed 200 OK in 30ms (Views: 25.5ms | ActiveRecord: 0.3ms)


Started GET "/users/4" for 127.0.0.1 at 2019-02-06 16:04:43 -0500
Processing by UsersController#show as HTML
  Parameters: {"id"=>"4"}
  [1m[36mUser Load (0.2ms)[0m  [1m[34mSELECT  "users".* FROM "users" WHERE "users"."id" = ? LIMIT ?[0m  [["id", 4], ["LIMIT", 1]]
  ↳ app/controllers/users_controller.rb:20
  Rendering users/show.erb within layouts/application
  [1m[36mRecipe Load (0.1ms)[0m  [1m[34mSELECT "recipes".* FROM "recipes" WHERE "recipes"."user_id" = ?[0m  [["user_id", 4]]
  ↳ app/views/users/show.erb:3
  Rendered users/show.erb within layouts/application (2.2ms)
Completed 200 OK in 33ms (Views: 28.7ms | ActiveRecord: 0.4ms)


Started GET "/recipes/3" for 127.0.0.1 at 2019-02-06 16:04:45 -0500
Processing by RecipesController#show as HTML
  Parameters: {"id"=>"3"}
  [1m[36mRecipe Load (0.2ms)[0m  [1m[34mSELECT  "recipes".* FROM "recipes" WHERE "recipes"."id" = ? LIMIT ?[0m  [["id", 3], ["LIMIT", 1]]
  ↳ app/controllers/recipes_controller.rb:20
  Rendering recipes/show.erb within layouts/application
  [1m[36mUser Load (0.2ms)[0m  [1m[34mSELECT  "users".* FROM "users" WHERE "users"."id" = ? LIMIT ?[0m  [["id", 4], ["LIMIT", 1]]
  ↳ app/views/recipes/show.erb:3
  Rendered recipes/show.erb within layouts/application (1.8ms)
Completed 200 OK in 35ms (Views: 28.5ms | ActiveRecord: 0.4ms)


Started GET "/recipes/3" for 127.0.0.1 at 2019-02-06 16:16:26 -0500
Processing by RecipesController#show as HTML
  Parameters: {"id"=>"3"}
  [1m[36mRecipe Load (0.1ms)[0m  [1m[34mSELECT  "recipes".* FROM "recipes" WHERE "recipes"."id" = ? LIMIT ?[0m  [["id", 3], ["LIMIT", 1]]
  ↳ app/controllers/recipes_controller.rb:20
  Rendering recipes/show.erb within layouts/application
  [1m[36mUser Load (0.2ms)[0m  [1m[34mSELECT  "users".* FROM "users" WHERE "users"."id" = ? LIMIT ?[0m  [["id", 4], ["LIMIT", 1]]
  ↳ app/views/recipes/show.erb:3
  Rendered recipes/show.erb within layouts/application (14.6ms)
Completed 200 OK in 133ms (Views: 113.3ms | ActiveRecord: 1.8ms)


Started GET "/ingredients" for 127.0.0.1 at 2019-02-06 16:16:38 -0500
Processing by IngredientsController#index as HTML
  Rendering ingredients/index.erb within layouts/application
  Rendered ingredients/index.erb within layouts/application (0.3ms)
Completed 200 OK in 34ms (Views: 27.4ms | ActiveRecord: 0.0ms)


Started GET "/ingredients/new" for 127.0.0.1 at 2019-02-06 16:16:43 -0500
Processing by IngredientsController#new as HTML
  Rendering ingredients/new.erb within layouts/application
  Rendered ingredients/new.erb within layouts/application (3.0ms)
Completed 500 Internal Server Error in 18ms (ActiveRecord: 0.5ms)


  
ActionView::Template::Error (First argument in form cannot contain nil or be empty):
    1: <h1>create a new recipe</h1>
    2: 
    3: <%= form_for @recipe do |f| %>
    4:     <%= f.label "Enter A Recipe Name:"  %>
    5:     <%= f.text_field :name %>
    6:     <%= f.collection_select(:user_id, User.all, :id, :name) %>
  
app/views/ingredients/new.erb:3:in `_app_views_ingredients_new_erb___3514995923423665299_70253673796640'
Started GET "/ingredients/new" for 127.0.0.1 at 2019-02-06 16:17:18 -0500
Processing by IngredientsController#new as HTML
  Rendering ingredients/new.erb within layouts/application
  Rendered ingredients/new.erb within layouts/application (2.0ms)
Completed 200 OK in 31ms (Views: 28.0ms | ActiveRecord: 0.0ms)


Started POST "/ingredients" for 127.0.0.1 at 2019-02-06 16:17:23 -0500
Processing by IngredientsController#create as HTML
  Parameters: {"utf8"=>"✓", "authenticity_token"=>"0ygjRrs3oulrMzjqwCvpvgVSc+YqR0HtPXmhLw/q7TgihQDYJuSOh5pnYqX+l+4jinSUZE6RsCAC4yUl4u3cOA==", "ingredient"=>{"name"=>"cheese"}, "commit"=>"Create Ingredient"}
  [1m[35m (0.1ms)[0m  [1m[36mbegin transaction[0m
  ↳ app/controllers/ingredients_controller.rb:14
  [1m[36mIngredient Create (0.4ms)[0m  [1m[32mINSERT INTO "ingredients" ("name", "created_at", "updated_at") VALUES (?, ?, ?)[0m  [["name", "cheese"], ["created_at", "2019-02-06 21:17:23.512784"], ["updated_at", "2019-02-06 21:17:23.512784"]]
  ↳ app/controllers/ingredients_controller.rb:14
  [1m[35m (2.4ms)[0m  [1m[36mcommit transaction[0m
  ↳ app/controllers/ingredients_controller.rb:14
Redirected to http://localhost:3000/ingredients/1
Completed 302 Found in 10ms (ActiveRecord: 3.0ms)


Started GET "/ingredients/1" for 127.0.0.1 at 2019-02-06 16:17:23 -0500
Processing by IngredientsController#show as HTML
  Parameters: {"id"=>"1"}
  [1m[36mIngredient Load (0.2ms)[0m  [1m[34mSELECT  "ingredients".* FROM "ingredients" WHERE "ingredients"."id" = ? LIMIT ?[0m  [["id", 1], ["LIMIT", 1]]
  ↳ app/controllers/ingredients_controller.rb:20
  Rendering ingredients/show.erb within layouts/application
  Rendered ingredients/show.erb within layouts/application (0.7ms)
Completed 200 OK in 42ms (Views: 33.2ms | ActiveRecord: 0.2ms)


Started GET "/ingredients/1/edit" for 127.0.0.1 at 2019-02-06 16:17:30 -0500
Processing by IngredientsController#edit as HTML
  Parameters: {"id"=>"1"}
  [1m[36mIngredient Load (0.2ms)[0m  [1m[34mSELECT  "ingredients".* FROM "ingredients" WHERE "ingredients"."id" = ? LIMIT ?[0m  [["id", 1], ["LIMIT", 1]]
  ↳ app/controllers/ingredients_controller.rb:24
  Rendering ingredients/edit.erb within layouts/application
  Rendered ingredients/edit.erb within layouts/application (1.5ms)
Completed 200 OK in 31ms (Views: 26.6ms | ActiveRecord: 0.2ms)


Started PATCH "/ingredients/1" for 127.0.0.1 at 2019-02-06 16:17:35 -0500
Processing by IngredientsController#update as HTML
  Parameters: {"utf8"=>"✓", "authenticity_token"=>"JiOYoHEN1n5KVEsqVnb+hR3zojentBmYaX9aypWK/y7Xjrs+7N76ELsAEWVoyvkYktVFtcNi6FVW5d7AeI3OLg==", "ingredient"=>{"name"=>"cheese cheese"}, "commit"=>"Update Ingredient", "id"=>"1"}
  [1m[36mIngredient Load (0.1ms)[0m  [1m[34mSELECT  "ingredients".* FROM "ingredients" WHERE "ingredients"."id" = ? LIMIT ?[0m  [["id", 1], ["LIMIT", 1]]
  ↳ app/controllers/ingredients_controller.rb:28
  [1m[35m (0.1ms)[0m  [1m[36mbegin transaction[0m
  ↳ app/controllers/ingredients_controller.rb:29
  [1m[36mIngredient Update (0.4ms)[0m  [1m[33mUPDATE "ingredients" SET "name" = ?, "updated_at" = ? WHERE "ingredients"."id" = ?[0m  [["name", "cheese cheese"], ["updated_at", "2019-02-06 21:17:35.811357"], ["id", 1]]
  ↳ app/controllers/ingredients_controller.rb:29
  [1m[35m (4.0ms)[0m  [1m[36mcommit transaction[0m
  ↳ app/controllers/ingredients_controller.rb:29
Redirected to http://localhost:3000/ingredients/1
Completed 302 Found in 10ms (ActiveRecord: 4.6ms)


Started GET "/ingredients/1" for 127.0.0.1 at 2019-02-06 16:17:35 -0500
Processing by IngredientsController#show as HTML
  Parameters: {"id"=>"1"}
  [1m[36mIngredient Load (0.2ms)[0m  [1m[34mSELECT  "ingredients".* FROM "ingredients" WHERE "ingredients"."id" = ? LIMIT ?[0m  [["id", 1], ["LIMIT", 1]]
  ↳ app/controllers/ingredients_controller.rb:20
  Rendering ingredients/show.erb within layouts/application
  Rendered ingredients/show.erb within layouts/application (0.6ms)
Completed 200 OK in 29ms (Views: 24.3ms | ActiveRecord: 0.2ms)


Started GET "/recipes/new" for 127.0.0.1 at 2019-02-06 16:19:24 -0500
Processing by RecipesController#new as HTML
  Rendering recipes/new.erb within layouts/application
  [1m[36mUser Load (0.2ms)[0m  [1m[34mSELECT "users".* FROM "users"[0m
  ↳ app/views/recipes/new.erb:6
  Rendered recipes/new.erb within layouts/application (3.8ms)
Completed 200 OK in 33ms (Views: 30.1ms | ActiveRecord: 0.2ms)


Started GET "/recipes/new" for 127.0.0.1 at 2019-02-06 16:25:06 -0500
Processing by RecipesController#new as HTML
  Rendering recipes/new.erb within layouts/application
  [1m[36mUser Load (0.2ms)[0m  [1m[34mSELECT "users".* FROM "users"[0m
  ↳ app/views/recipes/new.erb:6
  Rendered recipes/new.erb within layouts/application (227.4ms)
Completed 500 Internal Server Error in 236ms (ActiveRecord: 0.5ms)


  
ActionView::Template::Error (undefined local variable or method `recipe' for #<#<Class:0x007fca691b1490>:0x007fca6adbc978>
Did you mean?  @recipe):
    4:     <%= f.label "Enter A Recipe Name:"  %>
    5:     <%= f.text_field :name %>
    6:     <%= f.collection_select(:user_id, User.all, :id, :name) %>
    7:     <%= f.fields_for :ingredients, recipe.ingredients.build do |ingredients_fields| %>
    8:       <%= ingredients_fields.text_field :name %>
    9:       <% end %>
   10:     <%= f.submit %>
  
app/views/recipes/new.erb:7:in `block in _app_views_recipes_new_erb___87059606130281395_70253676456360'
app/views/recipes/new.erb:3:in `_app_views_recipes_new_erb___87059606130281395_70253676456360'
Started GET "/recipes/new" for 127.0.0.1 at 2019-02-06 16:25:28 -0500
Processing by RecipesController#new as HTML
  Rendering recipes/new.erb within layouts/application
  [1m[36mUser Load (0.2ms)[0m  [1m[34mSELECT "users".* FROM "users"[0m
  ↳ app/views/recipes/new.erb:6
  Rendered recipes/new.erb within layouts/application (41.3ms)
Completed 200 OK in 70ms (Views: 66.8ms | ActiveRecord: 0.4ms)


Started GET "/recipes/new" for 127.0.0.1 at 2019-02-06 16:26:43 -0500
Processing by RecipesController#new as HTML
  Rendering recipes/new.erb within layouts/application
  [1m[36mUser Load (0.2ms)[0m  [1m[34mSELECT "users".* FROM "users"[0m
  ↳ app/views/recipes/new.erb:6
  Rendered recipes/new.erb within layouts/application (4.8ms)
Completed 200 OK in 35ms (Views: 31.0ms | ActiveRecord: 0.2ms)


Started GET "/recipes/new" for 127.0.0.1 at 2019-02-06 16:26:59 -0500
Processing by RecipesController#new as HTML
  Rendering recipes/new.erb within layouts/application
  [1m[36mUser Load (0.2ms)[0m  [1m[34mSELECT "users".* FROM "users"[0m
  ↳ app/views/recipes/new.erb:6
  Rendered recipes/new.erb within layouts/application (4.2ms)
Completed 200 OK in 34ms (Views: 32.0ms | ActiveRecord: 0.2ms)


Started GET "/recipes/new" for 127.0.0.1 at 2019-02-06 16:27:12 -0500
Processing by RecipesController#new as HTML
  Rendering recipes/new.erb within layouts/application
  [1m[36mUser Load (0.2ms)[0m  [1m[34mSELECT "users".* FROM "users"[0m
  ↳ app/views/recipes/new.erb:6
  Rendered recipes/new.erb within layouts/application (6.1ms)
Completed 200 OK in 35ms (Views: 32.7ms | ActiveRecord: 0.2ms)


Started GET "/recipes/new" for 127.0.0.1 at 2019-02-06 16:27:22 -0500
Processing by RecipesController#new as HTML
  Rendering recipes/new.erb within layouts/application
  [1m[36mUser Load (0.2ms)[0m  [1m[34mSELECT "users".* FROM "users"[0m
  ↳ app/views/recipes/new.erb:6
  Rendered recipes/new.erb within layouts/application (5.3ms)
Completed 200 OK in 41ms (Views: 37.8ms | ActiveRecord: 0.2ms)


Started GET "/recipes/new" for 127.0.0.1 at 2019-02-06 16:27:40 -0500
Processing by RecipesController#new as HTML
  Rendering recipes/new.erb within layouts/application
  [1m[36mUser Load (0.1ms)[0m  [1m[34mSELECT "users".* FROM "users"[0m
  ↳ app/views/recipes/new.erb:6
  Rendered recipes/new.erb within layouts/application (4.3ms)
Completed 200 OK in 35ms (Views: 32.1ms | ActiveRecord: 0.1ms)


Started POST "/recipes" for 127.0.0.1 at 2019-02-06 16:29:20 -0500
Processing by RecipesController#create as HTML
  Parameters: {"utf8"=>"✓", "authenticity_token"=>"u+VR4oG3l7t9v1aiGMBt+j2k/ZhG2gTxTedFE1mclOlKSHJ8HGS71YzrDO0mfGpnsoIaGiIM9TxyfcEZtJul6Q==", "recipe"=>{"name"=>"cake", "user_id"=>"1", "ingredients"=>{"name"=>"eggs"}}, "commit"=>"Create Recipe"}
Completed 500 Internal Server Error in 447284ms (ActiveRecord: 0.0ms)


  
TypeError (no implicit conversion of Symbol into Integer):
  
app/controllers/recipes_controller.rb:44:in `[]'
app/controllers/recipes_controller.rb:44:in `recipe_params'
app/controllers/recipes_controller.rb:15:in `create'
Started POST "/recipes" for 127.0.0.1 at 2019-02-06 16:38:52 -0500
Processing by RecipesController#create as HTML
  Parameters: {"utf8"=>"✓", "authenticity_token"=>"u+VR4oG3l7t9v1aiGMBt+j2k/ZhG2gTxTedFE1mclOlKSHJ8HGS71YzrDO0mfGpnsoIaGiIM9TxyfcEZtJul6Q==", "recipe"=>{"name"=>"cake", "user_id"=>"1", "ingredients"=>{"name"=>"eggs"}}, "commit"=>"Create Recipe"}
Completed 500 Internal Server Error in 249585ms (ActiveRecord: 0.0ms)


  
TypeError (no implicit conversion of Symbol into Integer):
  
app/controllers/recipes_controller.rb:44:in `[]'
app/controllers/recipes_controller.rb:44:in `recipe_params'
app/controllers/recipes_controller.rb:15:in `create'
Started GET "/recipes/new" for 127.0.0.1 at 2019-02-06 16:43:24 -0500
Processing by RecipesController#new as HTML
  Rendering recipes/new.erb within layouts/application
  [1m[36mUser Load (0.3ms)[0m  [1m[34mSELECT "users".* FROM "users"[0m
  ↳ app/views/recipes/new.erb:6
  Rendered recipes/new.erb within layouts/application (53.2ms)
Completed 200 OK in 155ms (Views: 145.3ms | ActiveRecord: 2.5ms)


Started POST "/recipes" for 127.0.0.1 at 2019-02-06 16:44:05 -0500
Processing by RecipesController#create as HTML
  Parameters: {"utf8"=>"✓", "authenticity_token"=>"oi+2ECgZivtEV1mr8EZPnLzsX00KJuxkw4xGN15t+URTgpWOtcqmlbUDA+TO+kgBM8q4z27wHan8FsI9s2rIRA==", "recipe"=>{"name"=>"pizza b", "user_id"=>"1", "ingredients"=>{"name"=>"; cvoucv"}}, "commit"=>"Create Recipe"}
Completed 500 Internal Server Error in 9671ms (ActiveRecord: 0.0ms)


  
TypeError (no implicit conversion of Symbol into Integer):
  
app/controllers/recipes_controller.rb:44:in `[]'
app/controllers/recipes_controller.rb:44:in `recipe_params'
app/controllers/recipes_controller.rb:15:in `create'
Started POST "/recipes" for 127.0.0.1 at 2019-02-06 16:45:09 -0500
Processing by RecipesController#create as HTML
  Parameters: {"utf8"=>"✓", "authenticity_token"=>"oi+2ECgZivtEV1mr8EZPnLzsX00KJuxkw4xGN15t+URTgpWOtcqmlbUDA+TO+kgBM8q4z27wHan8FsI9s2rIRA==", "recipe"=>{"name"=>"pizza b", "user_id"=>"1", "ingredients"=>{"name"=>"; cvoucv"}}, "commit"=>"Create Recipe"}
Unpermitted parameter: :ingredients
  [1m[35m (0.1ms)[0m  [1m[36mbegin transaction[0m
  ↳ app/controllers/recipes_controller.rb:15
  [1m[36mUser Load (0.1ms)[0m  [1m[34mSELECT  "users".* FROM "users" WHERE "users"."id" = ? LIMIT ?[0m  [["id", 1], ["LIMIT", 1]]
  ↳ app/controllers/recipes_controller.rb:15
  [1m[36mRecipe Create (0.5ms)[0m  [1m[32mINSERT INTO "recipes" ("name", "user_id") VALUES (?, ?)[0m  [["name", "pizza b"], ["user_id", 1]]
  ↳ app/controllers/recipes_controller.rb:15
  [1m[35m (3.0ms)[0m  [1m[36mcommit transaction[0m
  ↳ app/controllers/recipes_controller.rb:15
Redirected to http://localhost:3000/recipes/4
Completed 302 Found in 5124ms (ActiveRecord: 4.7ms)


Started GET "/recipes/4" for 127.0.0.1 at 2019-02-06 16:45:14 -0500
Processing by RecipesController#show as HTML
  Parameters: {"id"=>"4"}
  [1m[36mRecipe Load (1.6ms)[0m  [1m[34mSELECT  "recipes".* FROM "recipes" WHERE "recipes"."id" = ? LIMIT ?[0m  [["id", 4], ["LIMIT", 1]]
  ↳ app/controllers/recipes_controller.rb:21
  Rendering recipes/show.erb within layouts/application
  [1m[36mUser Load (0.1ms)[0m  [1m[34mSELECT  "users".* FROM "users" WHERE "users"."id" = ? LIMIT ?[0m  [["id", 1], ["LIMIT", 1]]
  ↳ app/views/recipes/show.erb:3
  Rendered recipes/show.erb within layouts/application (1.7ms)
Completed 200 OK in 41ms (Views: 30.7ms | ActiveRecord: 1.7ms)


  [1m[36mIngredient Load (0.2ms)[0m  [1m[34mSELECT  "ingredients".* FROM "ingredients" ORDER BY "ingredients"."id" DESC LIMIT ?[0m  [["LIMIT", 1]]
Started POST "/recipes" for 127.0.0.1 at 2019-02-06 16:46:40 -0500
Processing by RecipesController#create as HTML
  Parameters: {"utf8"=>"✓", "authenticity_token"=>"oi+2ECgZivtEV1mr8EZPnLzsX00KJuxkw4xGN15t+URTgpWOtcqmlbUDA+TO+kgBM8q4z27wHan8FsI9s2rIRA==", "recipe"=>{"name"=>"pizza b", "user_id"=>"1", "ingredients"=>{"name"=>"; cvoucv"}}, "commit"=>"Create Recipe"}
Unpermitted parameter: :ingredients
  [1m[35m (0.2ms)[0m  [1m[36mbegin transaction[0m
  ↳ app/controllers/recipes_controller.rb:15
  [1m[36mUser Load (0.2ms)[0m  [1m[34mSELECT  "users".* FROM "users" WHERE "users"."id" = ? LIMIT ?[0m  [["id", 1], ["LIMIT", 1]]
  ↳ app/controllers/recipes_controller.rb:15
  [1m[36mRecipe Create (0.4ms)[0m  [1m[32mINSERT INTO "recipes" ("name", "user_id") VALUES (?, ?)[0m  [["name", "pizza b"], ["user_id", 1]]
  ↳ app/controllers/recipes_controller.rb:15
  [1m[35m (2.6ms)[0m  [1m[36mcommit transaction[0m
  ↳ app/controllers/recipes_controller.rb:15
Redirected to http://localhost:3000/recipes/5
Completed 302 Found in 569019ms (ActiveRecord: 3.4ms)


Started GET "/recipes/5" for 127.0.0.1 at 2019-02-06 16:56:09 -0500
Processing by RecipesController#show as HTML
  Parameters: {"id"=>"5"}
  [1m[36mRecipe Load (0.1ms)[0m  [1m[34mSELECT  "recipes".* FROM "recipes" WHERE "recipes"."id" = ? LIMIT ?[0m  [["id", 5], ["LIMIT", 1]]
  ↳ app/controllers/recipes_controller.rb:21
  Rendering recipes/show.erb within layouts/application
  [1m[36mUser Load (0.1ms)[0m  [1m[34mSELECT  "users".* FROM "users" WHERE "users"."id" = ? LIMIT ?[0m  [["id", 1], ["LIMIT", 1]]
  ↳ app/views/recipes/show.erb:3
  Rendered recipes/show.erb within layouts/application (1.8ms)
Completed 200 OK in 102ms (Views: 95.6ms | ActiveRecord: 0.3ms)


Started POST "/recipes" for 127.0.0.1 at 2019-02-06 16:56:22 -0500
Processing by RecipesController#create as HTML
  Parameters: {"utf8"=>"✓", "authenticity_token"=>"oi+2ECgZivtEV1mr8EZPnLzsX00KJuxkw4xGN15t+URTgpWOtcqmlbUDA+TO+kgBM8q4z27wHan8FsI9s2rIRA==", "recipe"=>{"name"=>"pizza b", "user_id"=>"1", "ingredients"=>{"name"=>"; cvoucv"}}, "commit"=>"Create Recipe"}
Unpermitted parameter: :ingredients
  [1m[35m (0.0ms)[0m  [1m[36mbegin transaction[0m
  ↳ app/controllers/recipes_controller.rb:15
  [1m[36mUser Load (0.2ms)[0m  [1m[34mSELECT  "users".* FROM "users" WHERE "users"."id" = ? LIMIT ?[0m  [["id", 1], ["LIMIT", 1]]
  ↳ app/controllers/recipes_controller.rb:15
  [1m[36mRecipe Create (0.5ms)[0m  [1m[32mINSERT INTO "recipes" ("name", "user_id") VALUES (?, ?)[0m  [["name", "pizza b"], ["user_id", 1]]
  ↳ app/controllers/recipes_controller.rb:15
  [1m[35m (5.5ms)[0m  [1m[36mcommit transaction[0m
  ↳ app/controllers/recipes_controller.rb:15
Redirected to http://localhost:3000/recipes/6
Completed 302 Found in 2483441ms (ActiveRecord: 8.0ms)


Started GET "/recipes/new" for 127.0.0.1 at 2019-02-06 17:37:50 -0500
Processing by RecipesController#new as HTML
  Rendering recipes/new.erb within layouts/application
  [1m[36mUser Load (0.2ms)[0m  [1m[34mSELECT "users".* FROM "users"[0m
  ↳ app/views/recipes/new.erb:6
  Rendered recipes/new.erb within layouts/application (24.4ms)
Completed 200 OK in 110ms (Views: 106.8ms | ActiveRecord: 0.9ms)


Started GET "/recipes/new" for 127.0.0.1 at 2019-02-06 17:39:13 -0500
Processing by RecipesController#new as HTML
  Rendering recipes/new.erb within layouts/application
  [1m[36mUser Load (0.1ms)[0m  [1m[34mSELECT "users".* FROM "users"[0m
  ↳ app/views/recipes/new.erb:6
  Rendered recipes/new.erb within layouts/application (5.3ms)
Completed 200 OK in 31ms (Views: 27.6ms | ActiveRecord: 0.1ms)


Started POST "/recipes" for 127.0.0.1 at 2019-02-06 17:39:45 -0500
Processing by RecipesController#create as HTML
  Parameters: {"utf8"=>"✓", "authenticity_token"=>"o+gcU5B/zqHZicOftMqMSSisxNsUv/dn+BgdKidPIDhSRT/NDazizyjdmdCKdovUp4ojWXBpBqrHgpkgykgROA==", "recipe"=>{"name"=>"adfhb[dU'POI", "user_id"=>"1", "ingredients_attributes"=>{"0"=>{"name"=>"'oiadfh["}}}, "commit"=>"Create Recipe"}
  [1m[35m (15.9ms)[0m  [1m[36mbegin transaction[0m
  ↳ app/controllers/recipes_controller.rb:15
  [1m[36mUser Load (3.9ms)[0m  [1m[34mSELECT  "users".* FROM "users" WHERE "users"."id" = ? LIMIT ?[0m  [["id", 1], ["LIMIT", 1]]
Started GET "/recipes/new" for 127.0.0.1 at 2019-02-06 23:22:43 -0500
  ↳ app/controllers/recipes_controller.rb:15
Processing by RecipesController#new as HTML
  [1m[36mRecipe Create (0.6ms)[0m  [1m[32mINSERT INTO "recipes" ("name", "user_id") VALUES (?, ?)[0m  [["name", "adfhb[dU'POI"], ["user_id", 1]]
  ↳ app/controllers/recipes_controller.rb:15
  [1m[36mIngredient Create (3.1ms)[0m  [1m[32mINSERT INTO "ingredients" ("name", "created_at", "updated_at") VALUES (?, ?, ?)[0m  [["name", "'oiadfh["], ["created_at", "2019-02-07 04:22:43.250947"], ["updated_at", "2019-02-07 04:22:43.250947"]]
  ↳ app/controllers/recipes_controller.rb:15
  [1m[36mRecipeIngredient Create (0.5ms)[0m  [1m[32mINSERT INTO "recipe_ingredients" ("recipe_id", "ingredient_id", "created_at", "updated_at") VALUES (?, ?, ?, ?)[0m  [["recipe_id", 7], ["ingredient_id", 2], ["created_at", "2019-02-07 04:22:43.313505"], ["updated_at", "2019-02-07 04:22:43.313505"]]
  Rendering recipes/new.erb within layouts/application
  ↳ app/controllers/recipes_controller.rb:15
  [1m[36mUser Load (2.4ms)[0m  [1m[34mSELECT "users".* FROM "users"[0m
  [1m[35m (0.7ms)[0m  [1m[36mcommit transaction[0m
  ↳ app/views/recipes/new.erb:6
  ↳ app/controllers/recipes_controller.rb:15
  Rendered recipes/new.erb within layouts/application (31.3ms)
Redirected to http://localhost:3000/recipes/7
Completed 302 Found in 20579800ms (ActiveRecord: 25.5ms)


Completed 200 OK in 234ms (Views: 220.8ms | ActiveRecord: 2.7ms)


Started POST "/recipes" for 127.0.0.1 at 2019-02-06 23:23:04 -0500
Processing by RecipesController#create as HTML
  Parameters: {"utf8"=>"✓", "authenticity_token"=>"DqZA8zTDF2NGyJW4EZfibDDm5DvyWzEbmXPosNNGGij/C2NtqRA7Dbecz/cvK+Xxv8ADuZaNwNam6Wy6PkErKA==", "recipe"=>{"name"=>"bbq", "user_id"=>"1", "ingredients_attributes"=>{"1"=>{"name"=>"breed"}}}, "commit"=>"Create Recipe"}
  [1m[35m (0.2ms)[0m  [1m[36mbegin transaction[0m
  ↳ app/controllers/recipes_controller.rb:15
  [1m[36mUser Load (0.5ms)[0m  [1m[34mSELECT  "users".* FROM "users" WHERE "users"."id" = ? LIMIT ?[0m  [["id", 1], ["LIMIT", 1]]
  ↳ app/controllers/recipes_controller.rb:15
  [1m[36mRecipe Create (0.4ms)[0m  [1m[32mINSERT INTO "recipes" ("name", "user_id") VALUES (?, ?)[0m  [["name", "bbq"], ["user_id", 1]]
  ↳ app/controllers/recipes_controller.rb:15
  [1m[36mIngredient Create (0.2ms)[0m  [1m[32mINSERT INTO "ingredients" ("name", "created_at", "updated_at") VALUES (?, ?, ?)[0m  [["name", "breed"], ["created_at", "2019-02-07 04:23:38.145444"], ["updated_at", "2019-02-07 04:23:38.145444"]]
  ↳ app/controllers/recipes_controller.rb:15
  [1m[36mRecipeIngredient Create (0.2ms)[0m  [1m[32mINSERT INTO "recipe_ingredients" ("recipe_id", "ingredient_id", "created_at", "updated_at") VALUES (?, ?, ?, ?)[0m  [["recipe_id", 8], ["ingredient_id", 3], ["created_at", "2019-02-07 04:23:38.148312"], ["updated_at", "2019-02-07 04:23:38.148312"]]
  ↳ app/controllers/recipes_controller.rb:15
  [1m[35m (2.7ms)[0m  [1m[36mcommit transaction[0m
  ↳ app/controllers/recipes_controller.rb:15
Redirected to http://localhost:3000/recipes/8
Completed 302 Found in 33271ms (ActiveRecord: 4.1ms)


Started GET "/recipes/8" for 127.0.0.1 at 2019-02-06 23:23:38 -0500
Processing by RecipesController#show as HTML
  Parameters: {"id"=>"8"}
  [1m[36mRecipe Load (0.2ms)[0m  [1m[34mSELECT  "recipes".* FROM "recipes" WHERE "recipes"."id" = ? LIMIT ?[0m  [["id", 8], ["LIMIT", 1]]
  ↳ app/controllers/recipes_controller.rb:21
  Rendering recipes/show.erb within layouts/application
  [1m[36mUser Load (0.1ms)[0m  [1m[34mSELECT  "users".* FROM "users" WHERE "users"."id" = ? LIMIT ?[0m  [["id", 1], ["LIMIT", 1]]
  ↳ app/views/recipes/show.erb:3
  Rendered recipes/show.erb within layouts/application (3.3ms)
Completed 200 OK in 55ms (Views: 45.0ms | ActiveRecord: 0.6ms)


Started POST "/recipes" for 127.0.0.1 at 2019-02-06 23:24:10 -0500
Processing by RecipesController#create as HTML
  Parameters: {"utf8"=>"✓", "authenticity_token"=>"DqZA8zTDF2NGyJW4EZfibDDm5DvyWzEbmXPosNNGGij/C2NtqRA7Dbecz/cvK+Xxv8ADuZaNwNam6Wy6PkErKA==", "recipe"=>{"name"=>"bbq", "user_id"=>"1", "ingredients_attributes"=>{"1"=>{"name"=>"breed"}}}, "commit"=>"Create Recipe"}
  [1m[35m (0.1ms)[0m  [1m[36mbegin transaction[0m
  ↳ app/controllers/recipes_controller.rb:15
  [1m[36mUser Load (0.1ms)[0m  [1m[34mSELECT  "users".* FROM "users" WHERE "users"."id" = ? LIMIT ?[0m  [["id", 1], ["LIMIT", 1]]
  ↳ app/controllers/recipes_controller.rb:15
  [1m[36mRecipe Create (0.4ms)[0m  [1m[32mINSERT INTO "recipes" ("name", "user_id") VALUES (?, ?)[0m  [["name", "bbq"], ["user_id", 1]]
  ↳ app/controllers/recipes_controller.rb:15
  [1m[36mIngredient Create (0.3ms)[0m  [1m[32mINSERT INTO "ingredients" ("name", "created_at", "updated_at") VALUES (?, ?, ?)[0m  [["name", "breed"], ["created_at", "2019-02-07 04:24:10.589237"], ["updated_at", "2019-02-07 04:24:10.589237"]]
  ↳ app/controllers/recipes_controller.rb:15
  [1m[36mRecipeIngredient Create (0.2ms)[0m  [1m[32mINSERT INTO "recipe_ingredients" ("recipe_id", "ingredient_id", "created_at", "updated_at") VALUES (?, ?, ?, ?)[0m  [["recipe_id", 9], ["ingredient_id", 4], ["created_at", "2019-02-07 04:24:10.602381"], ["updated_at", "2019-02-07 04:24:10.602381"]]
  ↳ app/controllers/recipes_controller.rb:15
  [1m[35m (2.4ms)[0m  [1m[36mcommit transaction[0m
  ↳ app/controllers/recipes_controller.rb:15
Redirected to http://localhost:3000/recipes/9
Completed 302 Found in 92ms (ActiveRecord: 6.8ms)


Started GET "/recipes/9" for 127.0.0.1 at 2019-02-06 23:24:10 -0500
Processing by RecipesController#show as HTML
  Parameters: {"id"=>"9"}
  [1m[36mRecipe Load (0.2ms)[0m  [1m[34mSELECT  "recipes".* FROM "recipes" WHERE "recipes"."id" = ? LIMIT ?[0m  [["id", 9], ["LIMIT", 1]]
  ↳ app/controllers/recipes_controller.rb:21
  Rendering recipes/show.erb within layouts/application
  [1m[36mUser Load (0.9ms)[0m  [1m[34mSELECT  "users".* FROM "users" WHERE "users"."id" = ? LIMIT ?[0m  [["id", 1], ["LIMIT", 1]]
  ↳ app/views/recipes/show.erb:3
  Rendered recipes/show.erb within layouts/application (4.3ms)
Completed 200 OK in 48ms (Views: 43.8ms | ActiveRecord: 1.1ms)


Started GET "/recipes" for 127.0.0.1 at 2019-02-06 23:24:40 -0500
Processing by RecipesController#index as HTML
  Rendering recipes/index.erb within layouts/application
  Rendered recipes/index.erb within layouts/application (0.8ms)
Completed 200 OK in 52ms (Views: 51.2ms | ActiveRecord: 0.0ms)


Started GET "/recipes/9" for 127.0.0.1 at 2019-02-06 23:24:54 -0500
Processing by RecipesController#show as HTML
  Parameters: {"id"=>"9"}
  [1m[36mRecipe Load (0.1ms)[0m  [1m[34mSELECT  "recipes".* FROM "recipes" WHERE "recipes"."id" = ? LIMIT ?[0m  [["id", 9], ["LIMIT", 1]]
  ↳ app/controllers/recipes_controller.rb:21
  Rendering recipes/show.erb within layouts/application
  [1m[36mUser Load (0.1ms)[0m  [1m[34mSELECT  "users".* FROM "users" WHERE "users"."id" = ? LIMIT ?[0m  [["id", 1], ["LIMIT", 1]]
  ↳ app/views/recipes/show.erb:3
  Rendered recipes/show.erb within layouts/application (2.4ms)
Completed 200 OK in 60ms (Views: 55.2ms | ActiveRecord: 0.3ms)


Started DELETE "/recipes/9" for 127.0.0.1 at 2019-02-06 23:24:57 -0500
Processing by RecipesController#destroy as HTML
  Parameters: {"authenticity_token"=>"nRMHF2SEoIsOWouwCVBDSuZ0EbIL8F81LuzxX7i5yhBsviSJ+VeM5f8O0f837ETXaVL2MG8mrvgRdnVVVb77EA==", "id"=>"9"}
  [1m[36mRecipe Load (0.2ms)[0m  [1m[34mSELECT  "recipes".* FROM "recipes" WHERE "recipes"."id" = ? LIMIT ?[0m  [["id", 9], ["LIMIT", 1]]
  ↳ app/controllers/recipes_controller.rb:36
  [1m[36mRecipe Destroy (2.9ms)[0m  [1m[31mDELETE FROM "recipes" WHERE "recipes"."id" = ?[0m  [["id", 9]]
  ↳ app/controllers/recipes_controller.rb:37
Redirected to http://localhost:3000/recipes
Completed 302 Found in 7ms (ActiveRecord: 3.1ms)


Started GET "/recipes" for 127.0.0.1 at 2019-02-06 23:24:57 -0500
Processing by RecipesController#index as HTML
  Rendering recipes/index.erb within layouts/application
  Rendered recipes/index.erb within layouts/application (0.7ms)
Completed 200 OK in 51ms (Views: 49.9ms | ActiveRecord: 0.0ms)


